
----------------------------------
EXECUTING COMMAND:
./buildProfile CUJS/aGMM_Latency_Transitions/1_appStart_home.txt e:m-NC-07-31-2020--21:00:38 /tmp/build_created_profile.prof
RAW OUTPUT: 
BASE PROFILE:      e:m-NC-07-31-2020--21:00
COMPILATION FLAGS: 38
Resetting the profile....
Success
Setting the inital working profile...
No prefix profile found. Starting from scratch.
ERROR: invalid base profile: "e:m-NC-07-31-2020--21:00"
----------------------------------
EXECUTING COMMAND:
adb shell am force-stop com.google.android.apps.maps
RAW OUTPUT: 

----------------------------------
EXECUTING COMMAND:
adb push /tmp/build_created_profile.prof /sdcard/profiles/temp_profile.prof
RAW OUTPUT: 
/tmp/build_created_profile.prof: 1 file pushed, 0 skipped. 46.2 MB/s (41069 bytes in 0.001s)
----------------------------------
EXECUTING COMMAND:
adb shell cp /sdcard/profiles/temp_profile.prof /data/misc/profiles/cur/0/com.google.android.apps.maps/primary.prof
RAW OUTPUT: 

----------------------------------
EXECUTING COMMAND:
adb shell cmd package compile -m speed-profile -f com.google.android.apps.maps
RAW OUTPUT: 
Success
----------------------------------
EXECUTING COMMAND:
adb pull /data/misc/profiles/ref/com.google.android.apps.maps/primary.prof profile_test_data/1_appStart_home/e:m-NC-07-31-2020--21:00:38/08-03-2020--10:19:06/saved_profile.prof
RAW OUTPUT: 
/data/misc/profiles/ref/com.google.android.apps.maps/primary.prof: 1 file pulled, 0 skipped. 7.6 MB/s (41069 bytes in 0.005s)
----------------------------------
EXECUTING COMMAND:
adb shell stat -c%s /data/misc/profiles/ref/com.google.android.apps.maps/primary.prof
RAW OUTPUT: 
41069
----------------------------------
EXECUTING COMMAND:
adb shell am force-stop com.google.android.apps.maps
RAW OUTPUT: 

----------------------------------
EXECUTING COMMAND:
adb shell ls -l /data/app/com.google.android.apps.maps*/oat/arm64
RAW OUTPUT: 
total 59508
-rw-r----- 1 system all_a245  2883584 2020-08-03 10:19 base.art
-rw-r----- 1 system all_a245 13634064 2020-07-08 18:07 base.odex
-rw-r----- 1 system all_a245 44354808 2020-08-03 10:19 base.vdex
----------------------------------
EXECUTING COMMAND:
./executeCuj CUJS/aGMM_Latency_Transitions/1_appStart_home.txt
RAW OUTPUT: 
CHECKPOINT -5
CHECKPOINT -3
CHECKPOINT -2
CHECKPOINT -1
> Task :app:preBuild UP-TO-DATE
> Task :app:preDebugBuild UP-TO-DATE
> Task :app:compileDebugAidl NO-SOURCE
> Task :app:generateDebugBuildConfig UP-TO-DATE
> Task :app:writeDebugApplicationId UP-TO-DATE
> Task :app:generateSafeArgsDebug UP-TO-DATE
> Task :app:javaPreCompileDebug UP-TO-DATE
> Task :app:compileDebugRenderscript NO-SOURCE
> Task :app:generateDebugResValues UP-TO-DATE
> Task :app:generateDebugResources UP-TO-DATE
> Task :app:mergeDebugResources UP-TO-DATE
> Task :app:createDebugCompatibleScreenManifests UP-TO-DATE
> Task :app:extractDeepLinksDebug UP-TO-DATE
> Task :app:processDebugManifest UP-TO-DATE
> Task :app:processDebugResources UP-TO-DATE
> Task :app:compileDebugJavaWithJavac UP-TO-DATE
> Task :app:bundleDebugClasses UP-TO-DATE
> Task :app:preDebugAndroidTestBuild SKIPPED
> Task :app:compileDebugAndroidTestAidl NO-SOURCE
> Task :app:javaPreCompileDebugAndroidTest UP-TO-DATE
> Task :app:processDebugAndroidTestManifest UP-TO-DATE
> Task :app:compileDebugAndroidTestRenderscript NO-SOURCE
> Task :app:generateDebugAndroidTestBuildConfig UP-TO-DATE
> Task :app:generateDebugAndroidTestResValues UP-TO-DATE
> Task :app:generateDebugAndroidTestResources UP-TO-DATE
> Task :app:mergeDebugAndroidTestResources UP-TO-DATE
> Task :app:processDebugAndroidTestResources UP-TO-DATE
> Task :app:compileDebugAndroidTestJavaWithJavac UP-TO-DATE
> Task :app:mergeDebugAndroidTestShaders UP-TO-DATE
> Task :app:compileDebugAndroidTestShaders NO-SOURCE
> Task :app:generateDebugAndroidTestAssets UP-TO-DATE
> Task :app:mergeDebugAndroidTestAssets UP-TO-DATE
> Task :app:processDebugAndroidTestJavaRes NO-SOURCE
> Task :app:mergeDebugAndroidTestJavaResource UP-TO-DATE
> Task :app:mergeDebugAndroidTestJniLibFolders UP-TO-DATE
> Task :app:mergeDebugAndroidTestNativeLibs UP-TO-DATE
> Task :app:checkDebugAndroidTestDuplicateClasses UP-TO-DATE
> Task :app:dexBuilderDebugAndroidTest UP-TO-DATE
> Task :app:validateSigningDebugAndroidTest UP-TO-DATE
> Task :app:desugarDebugAndroidTestFileDependencies UP-TO-DATE
> Task :app:mergeExtDexDebugAndroidTest UP-TO-DATE
> Task :app:mergeDexDebugAndroidTest UP-TO-DATE
> Task :app:packageDebugAndroidTest UP-TO-DATE

> Task :app:installDebugAndroidTest
Installing APK 'app-debug-androidTest.apk' on 'Pixel 4 XL - 10' for app:debugAndroidTest
Installed on 1 device.

BUILD SUCCESSFUL in 1s
32 actionable tasks: 1 executed, 31 up-to-date
CHECKPOINT 0
CHECKPOINT 1

com.example.firstapp.UserCujTest:
Error in userIterateAndMeasureCuj(com.example.firstapp.UserCujTest):
com.example.firstapp.ShellUtility$InvalidInputException: CUJ argument at index 0 was not found. Make sure your action is currently executable on your device.
	at com.example.firstapp.ShellUtility.cacheCUJ(ShellUtility.java:501)
	at com.example.firstapp.ShellUtility.iterateAndMeasureCuj(ShellUtility.java:626)
	at com.example.firstapp.UserCujTest.userIterateAndMeasureCuj(UserCujTest.java:47)
	at java.lang.reflect.Method.invoke(Native Method)
	at org.junit.runners.model.FrameworkMethod$1.runReflectiveCall(FrameworkMethod.java:50)
	at org.junit.internal.runners.model.ReflectiveCallable.run(ReflectiveCallable.java:12)
	at org.junit.runners.model.FrameworkMethod.invokeExplosively(FrameworkMethod.java:47)
	at org.junit.internal.runners.statements.InvokeMethod.evaluate(InvokeMethod.java:17)
	at org.junit.runners.ParentRunner.runLeaf(ParentRunner.java:325)
	at org.junit.runners.BlockJUnit4ClassRunner.runChild(BlockJUnit4ClassRunner.java:78)
	at org.junit.runners.BlockJUnit4ClassRunner.runChild(BlockJUnit4ClassRunner.java:57)
	at org.junit.runners.ParentRunner$3.run(ParentRunner.java:290)
	at org.junit.runners.ParentRunner$1.schedule(ParentRunner.java:71)
	at org.junit.runners.ParentRunner.runChildren(ParentRunner.java:288)
	at org.junit.runners.ParentRunner.access$000(ParentRunner.java:58)
	at org.junit.runners.ParentRunner$2.evaluate(ParentRunner.java:268)
	at org.junit.runners.ParentRunner.run(ParentRunner.java:363)
	at org.junit.runners.Suite.runChild(Suite.java:128)
	at org.junit.runners.Suite.runChild(Suite.java:27)
	at org.junit.runners.ParentRunner$3.run(ParentRunner.java:290)
	at org.junit.runners.ParentRunner$1.schedule(ParentRunner.java:71)
	at org.junit.runners.ParentRunner.runChildren(ParentRunner.java:288)
	at org.junit.runners.ParentRunner.access$000(ParentRunner.java:58)
	at org.junit.runners.ParentRunner$2.evaluate(ParentRunner.java:268)
	at org.junit.runners.ParentRunner.run(ParentRunner.java:363)
	at org.junit.runner.JUnitCore.run(JUnitCore.java:137)
	at org.junit.runner.JUnitCore.run(JUnitCore.java:115)
	at androidx.test.internal.runner.TestExecutor.execute(TestExecutor.java:56)
	at androidx.test.runner.AndroidJUnitRunner.onStart(AndroidJUnitRunner.java:392)
	at android.app.Instrumentation$InstrumentationThread.run(Instrumentation.java:2196)


Time: 6.389
There was 1 failure:
1) userIterateAndMeasureCuj(com.example.firstapp.UserCujTest)
com.example.firstapp.ShellUtility$InvalidInputException: CUJ argument at index 0 was not found. Make sure your action is currently executable on your device.
	at com.example.firstapp.ShellUtility.cacheCUJ(ShellUtility.java:501)
	at com.example.firstapp.ShellUtility.iterateAndMeasureCuj(ShellUtility.java:626)
	at com.example.firstapp.UserCujTest.userIterateAndMeasureCuj(UserCujTest.java:47)
	at java.lang.reflect.Method.invoke(Native Method)
	at org.junit.runners.model.FrameworkMethod$1.runReflectiveCall(FrameworkMethod.java:50)
	at org.junit.internal.runners.model.ReflectiveCallable.run(ReflectiveCallable.java:12)
	at org.junit.runners.model.FrameworkMethod.invokeExplosively(FrameworkMethod.java:47)
	at org.junit.internal.runners.statements.InvokeMethod.evaluate(InvokeMethod.java:17)
	at org.junit.runners.ParentRunner.runLeaf(ParentRunner.java:325)
	at org.junit.runners.BlockJUnit4ClassRunner.runChild(BlockJUnit4ClassRunner.java:78)
	at org.junit.runners.BlockJUnit4ClassRunner.runChild(BlockJUnit4ClassRunner.java:57)
	at org.junit.runners.ParentRunner$3.run(ParentRunner.java:290)
	at org.junit.runners.ParentRunner$1.schedule(ParentRunner.java:71)
	at org.junit.runners.ParentRunner.runChildren(ParentRunner.java:288)
	at org.junit.runners.ParentRunner.access$000(ParentRunner.java:58)
	at org.junit.runners.ParentRunner$2.evaluate(ParentRunner.java:268)
	at org.junit.runners.ParentRunner.run(ParentRunner.java:363)
	at org.junit.runners.Suite.runChild(Suite.java:128)
	at org.junit.runners.Suite.runChild(Suite.java:27)
	at org.junit.runners.ParentRunner$3.run(ParentRunner.java:290)
	at org.junit.runners.ParentRunner$1.schedule(ParentRunner.java:71)
	at org.junit.runners.ParentRunner.runChildren(ParentRunner.java:288)
	at org.junit.runners.ParentRunner.access$000(ParentRunner.java:58)
	at org.junit.runners.ParentRunner$2.evaluate(ParentRunner.java:268)
	at org.junit.runners.ParentRunner.run(ParentRunner.java:363)
	at org.junit.runner.JUnitCore.run(JUnitCore.java:137)
	at org.junit.runner.JUnitCore.run(JUnitCore.java:115)
	at androidx.test.internal.runner.TestExecutor.execute(TestExecutor.java:56)
	at androidx.test.runner.AndroidJUnitRunner.onStart(AndroidJUnitRunner.java:392)
	at android.app.Instrumentation$InstrumentationThread.run(Instrumentation.java:2196)

FAILURES!!!
Tests run: 1,  Failures: 1


/tmp/execute_raw_durations.txt
/tmp/execute_summary_table.txt
'start;com.google.android.apps.maps'
11
.
false
