
----------------------------------
EXECUTING COMMAND:
adb shell cmd package compile --reset com.google.android.apps.maps
RAW OUTPUT: 
Success
----------------------------------
EXECUTING COMMAND:
adb shell am force-stop com.google.android.apps.maps
RAW OUTPUT: 

----------------------------------
EXECUTING COMMAND:
adb push utilityProfiles/cloudProfile.prof /data/misc/profiles/cur/0/com.google.android.apps.maps/primary.prof
RAW OUTPUT: 
utilityProfiles/cloudProfile.prof: 1 file pushed, 0 skipped. 0.9 MB/s (38680 bytes in 0.043s)
----------------------------------
EXECUTING COMMAND:
adb shell chmod a+rw /data/misc/profiles/cur/0/com.google.android.apps.maps/primary.prof
RAW OUTPUT: 

----------------------------------
EXECUTING COMMAND:
adb pull /data/misc/profiles/cur/0/com.google.android.apps.maps/primary.prof profile_test_data/1X39XX45_Googleplex_openApp_thru_navigation/u/07-24-2020--11:18:31/saved_profile.prof
RAW OUTPUT: 
/data/misc/profiles/cur/0/com.google.android.apps.maps/primary.prof: 1 file pulled, 0 skipped. 7.4 MB/s (38680 bytes in 0.005s)
----------------------------------
EXECUTING COMMAND:
adb shell stat -c%s /data/misc/profiles/cur/0/com.google.android.apps.maps/primary.prof
RAW OUTPUT: 
38680
----------------------------------
EXECUTING COMMAND:
adb shell cmd package compile -m speed-profile -f com.google.android.apps.maps
RAW OUTPUT: 
Success
----------------------------------
EXECUTING COMMAND:
adb shell am force-stop com.google.android.apps.maps
RAW OUTPUT: 

----------------------------------
EXECUTING COMMAND:
adb shell ls -l /data/app/com.google.android.apps.maps*/oat/arm64
RAW OUTPUT: 
total 53208
-rw-r----- 1 system all_a245  1937408 2020-07-24 11:18 base.art
-rw-r----- 1 system all_a245  8005272 2020-07-08 18:07 base.odex
-rw-r----- 1 system all_a245 44482852 2020-07-24 11:18 base.vdex
----------------------------------
EXECUTING COMMAND:
./executeCuj CUJS/aGMM_Latency_Transitions/Googleplex/1X39XX45_Googleplex_openApp_thru_navigation.txt
RAW OUTPUT: 
CHECKPOINT -5
CHECKPOINT -4
CHECKPOINT -3
CHECKPOINT -2
CHECKPOINT -1
CHECKPOINT 0
CHECKPOINT 1
> Task :app:preBuild UP-TO-DATE
> Task :app:preDebugBuild UP-TO-DATE
> Task :app:generateDebugBuildConfig UP-TO-DATE
> Task :app:writeDebugApplicationId UP-TO-DATE
> Task :app:generateSafeArgsDebug UP-TO-DATE
> Task :app:compileDebugAidl NO-SOURCE
> Task :app:compileDebugRenderscript NO-SOURCE
> Task :app:javaPreCompileDebug UP-TO-DATE
> Task :app:generateDebugResValues UP-TO-DATE
> Task :app:generateDebugResources UP-TO-DATE
> Task :app:mergeDebugResources UP-TO-DATE
> Task :app:createDebugCompatibleScreenManifests UP-TO-DATE
> Task :app:extractDeepLinksDebug UP-TO-DATE
> Task :app:processDebugManifest UP-TO-DATE
> Task :app:processDebugResources UP-TO-DATE
> Task :app:compileDebugJavaWithJavac UP-TO-DATE
> Task :app:bundleDebugClasses UP-TO-DATE
> Task :app:preDebugAndroidTestBuild SKIPPED
> Task :app:compileDebugAndroidTestAidl NO-SOURCE
> Task :app:javaPreCompileDebugAndroidTest UP-TO-DATE
> Task :app:processDebugAndroidTestManifest UP-TO-DATE
> Task :app:compileDebugAndroidTestRenderscript NO-SOURCE
> Task :app:generateDebugAndroidTestBuildConfig UP-TO-DATE
> Task :app:generateDebugAndroidTestResValues UP-TO-DATE
> Task :app:generateDebugAndroidTestResources UP-TO-DATE
> Task :app:mergeDebugAndroidTestResources UP-TO-DATE
> Task :app:processDebugAndroidTestResources UP-TO-DATE
> Task :app:compileDebugAndroidTestJavaWithJavac UP-TO-DATE
> Task :app:mergeDebugAndroidTestShaders UP-TO-DATE
> Task :app:compileDebugAndroidTestShaders NO-SOURCE
> Task :app:generateDebugAndroidTestAssets UP-TO-DATE
> Task :app:processDebugAndroidTestJavaRes NO-SOURCE
> Task :app:mergeDebugAndroidTestJavaResource UP-TO-DATE
> Task :app:mergeDebugAndroidTestAssets UP-TO-DATE
> Task :app:mergeDebugAndroidTestJniLibFolders UP-TO-DATE
> Task :app:mergeDebugAndroidTestNativeLibs UP-TO-DATE
> Task :app:checkDebugAndroidTestDuplicateClasses UP-TO-DATE
> Task :app:dexBuilderDebugAndroidTest UP-TO-DATE
> Task :app:validateSigningDebugAndroidTest UP-TO-DATE
> Task :app:desugarDebugAndroidTestFileDependencies UP-TO-DATE
> Task :app:mergeExtDexDebugAndroidTest UP-TO-DATE
> Task :app:mergeDexDebugAndroidTest UP-TO-DATE
> Task :app:packageDebugAndroidTest UP-TO-DATE

> Task :app:installDebugAndroidTest
Installing APK 'app-debug-androidTest.apk' on 'Pixel 4 XL - 10' for app:debugAndroidTest
Installed on 1 device.

BUILD SUCCESSFUL in 2s
32 actionable tasks: 1 executed, 31 up-to-date
CHECKPOINT 2
CHECKPOINT 4

com.example.firstapp.UserCujTest:
Error in userIterateAndMeasureCuj(com.example.firstapp.UserCujTest):
androidx.test.uiautomator.UiObjectNotFoundException: UiSelector[TEXT=Start, CLASS=android.widget.Button, RESOURCE_ID=com.google.android.apps.maps:id/start_button]
	at androidx.test.uiautomator.UiObject.click(UiObject.java:416)
	at com.example.firstapp.ShellUtility$ClickAction.executeCachedAction(ShellUtility.java:149)
	at com.example.firstapp.ShellUtility.iterateAndMeasureCuj(ShellUtility.java:610)
	at com.example.firstapp.UserCujTest.userIterateAndMeasureCuj(UserCujTest.java:46)
	at java.lang.reflect.Method.invoke(Native Method)
	at org.junit.runners.model.FrameworkMethod$1.runReflectiveCall(FrameworkMethod.java:50)
	at org.junit.internal.runners.model.ReflectiveCallable.run(ReflectiveCallable.java:12)
	at org.junit.runners.model.FrameworkMethod.invokeExplosively(FrameworkMethod.java:47)
	at org.junit.internal.runners.statements.InvokeMethod.evaluate(InvokeMethod.java:17)
	at org.junit.runners.ParentRunner.runLeaf(ParentRunner.java:325)
	at org.junit.runners.BlockJUnit4ClassRunner.runChild(BlockJUnit4ClassRunner.java:78)
	at org.junit.runners.BlockJUnit4ClassRunner.runChild(BlockJUnit4ClassRunner.java:57)
	at org.junit.runners.ParentRunner$3.run(ParentRunner.java:290)
	at org.junit.runners.ParentRunner$1.schedule(ParentRunner.java:71)
	at org.junit.runners.ParentRunner.runChildren(ParentRunner.java:288)
	at org.junit.runners.ParentRunner.access$000(ParentRunner.java:58)
	at org.junit.runners.ParentRunner$2.evaluate(ParentRunner.java:268)
	at org.junit.runners.ParentRunner.run(ParentRunner.java:363)
	at org.junit.runners.Suite.runChild(Suite.java:128)
	at org.junit.runners.Suite.runChild(Suite.java:27)
	at org.junit.runners.ParentRunner$3.run(ParentRunner.java:290)
	at org.junit.runners.ParentRunner$1.schedule(ParentRunner.java:71)
	at org.junit.runners.ParentRunner.runChildren(ParentRunner.java:288)
	at org.junit.runners.ParentRunner.access$000(ParentRunner.java:58)
	at org.junit.runners.ParentRunner$2.evaluate(ParentRunner.java:268)
	at org.junit.runners.ParentRunner.run(ParentRunner.java:363)
	at org.junit.runner.JUnitCore.run(JUnitCore.java:137)
	at org.junit.runner.JUnitCore.run(JUnitCore.java:115)
	at androidx.test.internal.runner.TestExecutor.execute(TestExecutor.java:56)
	at androidx.test.runner.AndroidJUnitRunner.onStart(AndroidJUnitRunner.java:392)
	at android.app.Instrumentation$InstrumentationThread.run(Instrumentation.java:2196)


Time: 154.168
There was 1 failure:
1) userIterateAndMeasureCuj(com.example.firstapp.UserCujTest)
androidx.test.uiautomator.UiObjectNotFoundException: UiSelector[TEXT=Start, CLASS=android.widget.Button, RESOURCE_ID=com.google.android.apps.maps:id/start_button]
	at androidx.test.uiautomator.UiObject.click(UiObject.java:416)
	at com.example.firstapp.ShellUtility$ClickAction.executeCachedAction(ShellUtility.java:149)
	at com.example.firstapp.ShellUtility.iterateAndMeasureCuj(ShellUtility.java:610)
	at com.example.firstapp.UserCujTest.userIterateAndMeasureCuj(UserCujTest.java:46)
	at java.lang.reflect.Method.invoke(Native Method)
	at org.junit.runners.model.FrameworkMethod$1.runReflectiveCall(FrameworkMethod.java:50)
	at org.junit.internal.runners.model.ReflectiveCallable.run(ReflectiveCallable.java:12)
	at org.junit.runners.model.FrameworkMethod.invokeExplosively(FrameworkMethod.java:47)
	at org.junit.internal.runners.statements.InvokeMethod.evaluate(InvokeMethod.java:17)
	at org.junit.runners.ParentRunner.runLeaf(ParentRunner.java:325)
	at org.junit.runners.BlockJUnit4ClassRunner.runChild(BlockJUnit4ClassRunner.java:78)
	at org.junit.runners.BlockJUnit4ClassRunner.runChild(BlockJUnit4ClassRunner.java:57)
	at org.junit.runners.ParentRunner$3.run(ParentRunner.java:290)
	at org.junit.runners.ParentRunner$1.schedule(ParentRunner.java:71)
	at org.junit.runners.ParentRunner.runChildren(ParentRunner.java:288)
	at org.junit.runners.ParentRunner.access$000(ParentRunner.java:58)
	at org.junit.runners.ParentRunner$2.evaluate(ParentRunner.java:268)
	at org.junit.runners.ParentRunner.run(ParentRunner.java:363)
	at org.junit.runners.Suite.runChild(Suite.java:128)
	at org.junit.runners.Suite.runChild(Suite.java:27)
	at org.junit.runners.ParentRunner$3.run(ParentRunner.java:290)
	at org.junit.runners.ParentRunner$1.schedule(ParentRunner.java:71)
	at org.junit.runners.ParentRunner.runChildren(ParentRunner.java:288)
	at org.junit.runners.ParentRunner.access$000(ParentRunner.java:58)
	at org.junit.runners.ParentRunner$2.evaluate(ParentRunner.java:268)
	at org.junit.runners.ParentRunner.run(ParentRunner.java:363)
	at org.junit.runner.JUnitCore.run(JUnitCore.java:137)
	at org.junit.runner.JUnitCore.run(JUnitCore.java:115)
	at androidx.test.internal.runner.TestExecutor.execute(TestExecutor.java:56)
	at androidx.test.runner.AndroidJUnitRunner.onStart(AndroidJUnitRunner.java:392)
	at android.app.Instrumentation$InstrumentationThread.run(Instrumentation.java:2196)

FAILURES!!!
Tests run: 1,  Failures: 1


/tmp/execute_raw_durations.txt
/tmp/execute_summary_table.txt
'start;com.google.android.apps.maps', 'edit;Search here;Googleplex', 'click;Amphith', 'click;Googleplex;strict', 'click;DIRECTIONS', 'click;Choose starting', 'click;Your location;strict', 'click;Start', 'clickImage;Close navigation', 'clickImage;Navigate up'
4
.
false
Executed: start;com.google.android.apps.maps
Executed: edit;Search here;Googleplex
Executed: click;Amphith
Executed: click;Googleplex;strict
Executed: click;DIRECTIONS
Executed: click;Choose starting
Executed: click;Your location;strict
Executed: click;Start
Executed: clickImage;Close navigation
Executed: clickImage;Navigate up
Executed: start;com.google.android.apps.maps
Executed: edit;Search here;Googleplex
Executed: click;Amphith
Executed: click;Googleplex;strict
Executed: click;DIRECTIONS
Executed: click;Choose starting
Executed: click;Your location;strict
Executed: click;Start
Executed: clickImage;Close navigation
Executed: clickImage;Navigate up
Executed: start;com.google.android.apps.maps
Executed: edit;Search here;Googleplex
Executed: click;Amphith
Executed: click;Googleplex;strict
Executed: click;DIRECTIONS
Executed: click;Choose starting
Executed: click;Your location;strict
Executed: click;Start
Executed: clickImage;Close navigation
Executed: clickImage;Navigate up
Executed: start;com.google.android.apps.maps
Executed: edit;Search here;Googleplex
Executed: click;Amphith
Executed: click;Googleplex;strict
Executed: click;DIRECTIONS
Executed: click;Choose starting
Executed: click;Your location;strict
